0 info it worked if it ends with ok
1 verbose cli [ '/Users/thorben.ziegler/.nvm/versions/node/v7.1.0/bin/node',
1 verbose cli   '/Users/thorben.ziegler/.nvm/versions/node/v7.1.0/bin/npm',
1 verbose cli   'start' ]
2 info using npm@3.10.9
3 info using node@v7.1.0
4 verbose run-script [ 'prestart', 'start', 'poststart' ]
5 info lifecycle static-site@1.0.0~prestart: static-site@1.0.0
6 silly lifecycle static-site@1.0.0~prestart: no script for prestart, continuing
7 info lifecycle static-site@1.0.0~start: static-site@1.0.0
8 verbose lifecycle static-site@1.0.0~start: unsafe-perm in lifecycle true
9 verbose lifecycle static-site@1.0.0~start: PATH: /Users/thorben.ziegler/.nvm/versions/node/v7.1.0/lib/node_modules/npm/bin/node-gyp-bin:/Users/thorben.ziegler/Documents/htdocs/static-site/node_modules/.bin:/Users/thorben.ziegler/.nvm/versions/node/v7.1.0/bin:/Users/thorben.ziegler/.rvm/gems/ruby-2.3.1/bin:/Users/thorben.ziegler/.rvm/gems/ruby-2.3.1@global/bin:/Users/thorben.ziegler/.rvm/rubies/ruby-2.3.1/bin:/usr/local/bin/openssl:/usr/bin/openssl:/Users/thorben.ziegler/Library/Python/2.7/bin:/Users/thorben.ziegler/Library/Python/2.7/lib:/usr/local/bin:/usr/bin:/bin:/usr/sbin:/sbin:/Users/thorben.ziegler/.rvm/bin
10 verbose lifecycle static-site@1.0.0~start: CWD: /Users/thorben.ziegler/Documents/htdocs/static-site
11 silly lifecycle static-site@1.0.0~start: Args: [ '-c', 'gulp serve' ]
12 silly lifecycle static-site@1.0.0~start: Returned: code: 1  signal: null
13 info lifecycle static-site@1.0.0~start: Failed to exec start script
14 verbose stack Error: static-site@1.0.0 start: `gulp serve`
14 verbose stack Exit status 1
14 verbose stack     at EventEmitter.<anonymous> (/Users/thorben.ziegler/.nvm/versions/node/v7.1.0/lib/node_modules/npm/lib/utils/lifecycle.js:255:16)
14 verbose stack     at emitTwo (events.js:106:13)
14 verbose stack     at EventEmitter.emit (events.js:191:7)
14 verbose stack     at ChildProcess.<anonymous> (/Users/thorben.ziegler/.nvm/versions/node/v7.1.0/lib/node_modules/npm/lib/utils/spawn.js:40:14)
14 verbose stack     at emitTwo (events.js:106:13)
14 verbose stack     at ChildProcess.emit (events.js:191:7)
14 verbose stack     at maybeClose (internal/child_process.js:885:16)
14 verbose stack     at Process.ChildProcess._handle.onexit (internal/child_process.js:226:5)
15 verbose pkgid static-site@1.0.0
16 verbose cwd /Users/thorben.ziegler/Documents/htdocs/static-site
17 error Darwin 16.6.0
18 error argv "/Users/thorben.ziegler/.nvm/versions/node/v7.1.0/bin/node" "/Users/thorben.ziegler/.nvm/versions/node/v7.1.0/bin/npm" "start"
19 error node v7.1.0
20 error npm  v3.10.9
21 error code ELIFECYCLE
22 error static-site@1.0.0 start: `gulp serve`
22 error Exit status 1
23 error Failed at the static-site@1.0.0 start script 'gulp serve'.
23 error Make sure you have the latest version of node.js and npm installed.
23 error If you do, this is most likely a problem with the static-site package,
23 error not with npm itself.
23 error Tell the author that this fails on your system:
23 error     gulp serve
23 error You can get information on how to open an issue for this project with:
23 error     npm bugs static-site
23 error Or if that isn't available, you can get their info via:
23 error     npm owner ls static-site
23 error There is likely additional logging output above.
24 verbose exit [ 1, true ]
